[2020-12-03T04:55:28.527] [DEBUG] cheese - login => username:admin,password:123456
[2020-12-03T04:55:28.530] [DEBUG] cheese - admin
[2020-12-03T04:55:28.748] [DEBUG] cheese - null
[2020-12-03T04:55:28.749] [DEBUG] cheese - null
[2020-12-03T04:55:51.338] [DEBUG] cheese - login => username:admin,password:123456
[2020-12-03T04:55:51.338] [DEBUG] cheese - admin
[2020-12-03T04:55:51.342] [DEBUG] cheese - null
[2020-12-03T04:55:51.342] [DEBUG] cheese - null
[2020-12-03T05:03:41.521] [DEBUG] cheese - login => username:231,password:21313
[2020-12-03T05:03:41.521] [DEBUG] cheese - 231
[2020-12-03T05:03:41.524] [DEBUG] cheese - null
[2020-12-03T05:03:41.524] [DEBUG] cheese - null
[2020-12-03T05:05:01.977] [DEBUG] cheese - login => username:sdad,password:sadadad
[2020-12-03T05:05:01.978] [DEBUG] cheese - sdad
[2020-12-03T05:05:01.979] [DEBUG] cheese - null
[2020-12-03T05:05:01.980] [DEBUG] cheese - null
[2020-12-03T05:05:08.330] [DEBUG] cheese - login => username:admin,password:123456
[2020-12-03T05:05:08.330] [DEBUG] cheese - admin
[2020-12-03T05:05:08.332] [DEBUG] cheese - null
[2020-12-03T05:05:08.332] [DEBUG] cheese - null
[2020-12-03T11:10:14.510] [DEBUG] cheese - login => username:admin,password:123456
[2020-12-03T11:10:14.511] [DEBUG] cheese - admin
[2020-12-03T11:10:14.818] [DEBUG] cheese - null
[2020-12-03T11:10:14.818] [DEBUG] cheese - null
[2020-12-03T21:46:14.246] [DEBUG] cheese - login => username:admin,password:123456
[2020-12-03T21:46:14.343] [DEBUG] cheese - admin
[2020-12-03T21:46:14.568] [DEBUG] cheese - null
[2020-12-03T21:46:14.568] [DEBUG] cheese - null
[2020-12-03T21:46:49.899] [DEBUG] cheese - login => username:admi,password:123456
[2020-12-03T21:46:49.899] [DEBUG] cheese - admi
[2020-12-03T21:46:49.901] [DEBUG] cheese - null
[2020-12-03T21:46:49.901] [DEBUG] cheese - null
[2020-12-03T21:47:00.781] [DEBUG] cheese - login => username:admin,password:123456
[2020-12-03T21:47:00.781] [DEBUG] cheese - admin
[2020-12-03T21:47:00.783] [DEBUG] cheese - null
[2020-12-03T21:47:00.783] [DEBUG] cheese - null
[2020-12-03T22:21:33.915] [DEBUG] cheese - login => username:admin,password:123456
[2020-12-03T22:21:33.915] [DEBUG] cheese - admin
[2020-12-03T22:21:33.917] [DEBUG] cheese - null
[2020-12-03T22:21:33.917] [DEBUG] cheese - null
[2020-12-03T22:33:35.649] [DEBUG] cheese - login => username:admin,password:123456
[2020-12-03T22:33:35.649] [DEBUG] cheese - admin
[2020-12-03T22:33:35.652] [DEBUG] cheese - null
[2020-12-03T22:33:35.652] [DEBUG] cheese - null
[2020-12-04T08:02:13.006] [DEBUG] cheese - login => username:admin,password:123456
[2020-12-04T08:02:13.015] [DEBUG] cheese - admin
[2020-12-04T08:02:13.154] [DEBUG] cheese - null
[2020-12-04T08:02:13.155] [DEBUG] cheese - null
[2020-12-04T08:14:18.844] [DEBUG] cheese - login => username:admin,password:123456
[2020-12-04T08:14:18.844] [DEBUG] cheese - admin
[2020-12-04T08:14:18.847] [DEBUG] cheese - null
[2020-12-04T08:14:18.847] [DEBUG] cheese - null
[2020-12-04T09:59:06.976] [DEBUG] cheese - login => username:admin,password:123456
[2020-12-04T09:59:06.977] [DEBUG] cheese - admin
[2020-12-04T09:59:06.983] [DEBUG] cheese - null
[2020-12-04T09:59:06.983] [DEBUG] cheese - null
[2020-12-04T11:04:30.309] [DEBUG] cheese - login => username:admin,password:123456
[2020-12-04T11:04:30.310] [DEBUG] cheese - admin
[2020-12-04T11:04:30.318] [DEBUG] cheese - null
[2020-12-04T11:04:30.318] [DEBUG] cheese - null
[2020-12-04T11:10:06.459] [DEBUG] cheese - login => username:admin,password:123456
[2020-12-04T11:10:06.459] [DEBUG] cheese - admin
[2020-12-04T11:10:06.462] [DEBUG] cheese - null
[2020-12-04T11:10:06.462] [DEBUG] cheese - null
[2020-12-04T11:39:41.782] [DEBUG] cheese - login => username:admin,password:123456
[2020-12-04T11:39:41.782] [DEBUG] cheese - admin
[2020-12-04T11:39:41.786] [DEBUG] cheese - null
[2020-12-04T11:39:41.786] [DEBUG] cheese - null
[2020-12-04T12:02:25.242] [DEBUG] cheese - login => username:admin,password:123456
[2020-12-04T12:02:25.243] [DEBUG] cheese - admin
[2020-12-04T12:02:25.245] [DEBUG] cheese - null
[2020-12-04T12:02:25.245] [DEBUG] cheese - null
[2020-12-04T17:07:28.754] [DEBUG] cheese - login => username:admin,password:123456
[2020-12-04T17:07:28.754] [DEBUG] cheese - admin
[2020-12-04T17:07:28.759] [DEBUG] cheese - null
[2020-12-04T17:07:28.759] [DEBUG] cheese - null
[2020-12-05T11:33:33.855] [DEBUG] cheese - login => username:admin,password:123456
[2020-12-05T11:33:33.951] [DEBUG] cheese - admin
[2020-12-05T11:33:34.041] [DEBUG] cheese - null
[2020-12-05T11:33:34.041] [DEBUG] cheese - null
[2020-12-05T12:01:41.345] [DEBUG] cheese - login => username:admin,password:123456
[2020-12-05T12:01:41.345] [DEBUG] cheese - admin
[2020-12-05T12:01:41.349] [DEBUG] cheese - null
[2020-12-05T12:01:41.349] [DEBUG] cheese - null
[2020-12-05T22:17:56.134] [DEBUG] cheese - login => username:admin,password:123456
[2020-12-05T22:17:56.144] [DEBUG] cheese - admin
[2020-12-05T22:17:56.405] [DEBUG] cheese - null
[2020-12-05T22:17:56.406] [DEBUG] cheese - null
[2020-12-05T22:58:50.413] [DEBUG] cheese - login => username:admin,password:123456
[2020-12-05T22:58:50.413] [DEBUG] cheese - admin
[2020-12-05T22:58:50.417] [DEBUG] cheese - null
[2020-12-05T22:58:50.417] [DEBUG] cheese - null
[2020-12-06T01:30:48.696] [DEBUG] cheese - login => username:admin,password:123456
[2020-12-06T01:30:48.696] [DEBUG] cheese - admin
[2020-12-06T01:30:48.699] [DEBUG] cheese - null
[2020-12-06T01:30:48.699] [DEBUG] cheese - null
[2020-12-06T01:47:34.046] [DEBUG] cheese - login => username:admin,password:123456
[2020-12-06T01:47:34.046] [DEBUG] cheese - admin
[2020-12-06T01:47:34.048] [DEBUG] cheese - null
[2020-12-06T01:47:34.048] [DEBUG] cheese - null
[2020-12-06T02:01:07.730] [DEBUG] cheese - login => username:admin,password:123456
[2020-12-06T02:01:07.730] [DEBUG] cheese - admin
[2020-12-06T02:01:07.732] [DEBUG] cheese - null
[2020-12-06T02:01:07.732] [DEBUG] cheese - null
[2020-12-06T02:01:17.413] [DEBUG] cheese - login => username:admin,password:123456
[2020-12-06T02:01:17.414] [DEBUG] cheese - admin
[2020-12-06T02:01:17.415] [DEBUG] cheese - null
[2020-12-06T02:01:17.415] [DEBUG] cheese - null
[2020-12-06T02:02:13.130] [DEBUG] cheese - login => username:admin,password:123456
[2020-12-06T02:02:13.130] [DEBUG] cheese - admin
[2020-12-06T02:02:13.133] [DEBUG] cheese - null
[2020-12-06T02:02:13.133] [DEBUG] cheese - null
[2020-12-06T02:03:34.087] [DEBUG] cheese - login => username:admin,password:123456
[2020-12-06T02:03:34.087] [DEBUG] cheese - admin
[2020-12-06T02:03:34.089] [DEBUG] cheese - null
[2020-12-06T02:03:34.089] [DEBUG] cheese - null
[2020-12-06T22:12:40.076] [DEBUG] cheese - login => username:admin,password:123456
[2020-12-06T22:12:40.076] [DEBUG] cheese - admin
[2020-12-06T22:12:40.081] [DEBUG] cheese - null
[2020-12-06T22:12:40.081] [DEBUG] cheese - null
[2020-12-07T17:06:27.681] [DEBUG] cheese - login => username:admin,password:123456
[2020-12-07T17:06:27.682] [DEBUG] cheese - admin
[2020-12-07T17:06:27.686] [DEBUG] cheese - null
[2020-12-07T17:06:27.686] [DEBUG] cheese - null
[2020-12-08T10:01:29.815] [DEBUG] cheese - login => username:admin,password:123456
[2020-12-08T10:01:29.817] [DEBUG] cheese - admin
[2020-12-08T10:01:29.931] [DEBUG] cheese - null
[2020-12-08T10:01:29.932] [DEBUG] cheese - null
[2020-12-08T22:50:29.609] [DEBUG] cheese - login => username:admin,password:123456
[2020-12-08T22:50:29.615] [DEBUG] cheese - admin
[2020-12-08T22:50:29.622] [DEBUG] cheese - null
[2020-12-08T22:50:29.622] [DEBUG] cheese - null
[2020-12-08T23:13:30.575] [DEBUG] cheese - null
[2020-12-10T11:20:38.312] [DEBUG] cheese - login => username:admin,password:123456
[2020-12-10T11:20:38.321] [DEBUG] cheese - admin
[2020-12-10T11:20:38.631] [DEBUG] cheese - null
[2020-12-10T11:20:38.632] [DEBUG] cheese - null
[2020-12-10T22:21:57.479] [DEBUG] cheese - login => username:admin,password:123456
[2020-12-10T22:21:57.482] [DEBUG] cheese - admin
[2020-12-10T22:21:57.816] [DEBUG] cheese - null
[2020-12-10T22:21:57.816] [DEBUG] cheese - null
[2020-12-13T12:52:00.044] [DEBUG] cheese - login => username:admin,password:123456
[2020-12-13T12:52:00.074] [DEBUG] cheese - admin
[2020-12-13T12:52:00.477] [DEBUG] cheese - null
[2020-12-13T12:52:00.477] [DEBUG] cheese - null
[2020-12-14T13:47:30.596] [DEBUG] cheese - login => username:admin,password:123456
[2020-12-14T13:47:30.694] [DEBUG] cheese - admin
[2020-12-14T13:47:30.778] [DEBUG] cheese - null
[2020-12-14T13:47:30.786] [DEBUG] cheese - null
[2020-12-14T14:59:39.985] [DEBUG] cheese - login => username:admin,password:123456
[2020-12-14T14:59:39.986] [DEBUG] cheese - admin
[2020-12-14T14:59:39.991] [DEBUG] cheese - null
[2020-12-14T14:59:39.991] [DEBUG] cheese - null
[2020-12-14T16:06:14.023] [DEBUG] cheese - login => username:admin,password:123456
[2020-12-14T16:06:14.025] [DEBUG] cheese - admin
[2020-12-14T16:06:14.028] [DEBUG] cheese - null
[2020-12-14T16:06:14.029] [DEBUG] cheese - null
[2020-12-15T08:46:02.818] [DEBUG] cheese - login => username:admin,password:123456
[2020-12-15T08:46:02.824] [DEBUG] cheese - admin
[2020-12-15T08:46:02.981] [DEBUG] cheese - null
[2020-12-15T08:46:02.981] [DEBUG] cheese - null
[2020-12-15T09:45:30.390] [DEBUG] cheese - login => username:admin,password:123456
[2020-12-15T09:45:30.392] [DEBUG] cheese - admin
[2020-12-15T09:45:30.456] [DEBUG] cheese - null
[2020-12-15T09:45:30.456] [DEBUG] cheese - null
[2020-12-17T09:29:54.572] [DEBUG] cheese - login => username:admin,password:123456
[2020-12-17T09:29:55.363] [DEBUG] cheese - admin
[2020-12-17T09:29:55.762] [DEBUG] cheese - null
[2020-12-17T09:29:55.765] [DEBUG] cheese - null
[2020-12-17T10:46:12.147] [DEBUG] cheese - login => username:admin,password:123456
[2020-12-17T10:46:12.149] [DEBUG] cheese - admin
[2020-12-17T10:46:12.154] [DEBUG] cheese - null
[2020-12-17T10:46:12.155] [DEBUG] cheese - null
[2020-12-17T14:47:38.908] [DEBUG] cheese - login => username:admin,password:123456
[2020-12-17T14:47:38.911] [DEBUG] cheese - admin
[2020-12-17T14:47:38.915] [DEBUG] cheese - null
[2020-12-17T14:47:38.916] [DEBUG] cheese - null
[2020-12-17T15:21:28.341] [DEBUG] cheese - login => username:admin,password:123456
[2020-12-17T15:21:28.342] [DEBUG] cheese - admin
[2020-12-17T15:21:28.346] [DEBUG] cheese - null
[2020-12-17T15:21:28.346] [DEBUG] cheese - null
[2020-12-18T10:37:07.517] [DEBUG] cheese - login => username:admin,password:123456
[2020-12-18T10:37:07.522] [DEBUG] cheese - admin
[2020-12-18T10:37:07.526] [DEBUG] cheese - null
[2020-12-18T10:37:07.526] [DEBUG] cheese - null
[2020-12-18T10:51:29.552] [DEBUG] cheese - login => username:admin,password:123456
[2020-12-18T10:51:29.553] [DEBUG] cheese - admin
[2020-12-18T10:51:29.556] [DEBUG] cheese - null
[2020-12-18T10:51:29.556] [DEBUG] cheese - null
[2020-12-18T10:53:49.448] [DEBUG] cheese - login => username:admin,password:123456
[2020-12-18T10:53:49.448] [DEBUG] cheese - admin
[2020-12-18T10:53:49.450] [DEBUG] cheese - null
[2020-12-18T10:53:49.451] [DEBUG] cheese - null
[2020-12-19T17:12:42.149] [DEBUG] cheese - login => username:admin,password:123456
[2020-12-19T17:12:42.173] [DEBUG] cheese - admin
[2020-12-19T17:12:42.484] [DEBUG] cheese - null
[2020-12-19T17:12:42.488] [DEBUG] cheese - null
[2020-12-20T11:00:25.161] [DEBUG] cheese - login => username:admin,password:123456
[2020-12-20T11:00:25.265] [DEBUG] cheese - admin
[2020-12-20T11:00:25.417] [DEBUG] cheese - null
[2020-12-20T11:00:25.420] [DEBUG] cheese - null
[2020-12-21T10:09:37.947] [DEBUG] cheese - null
[2020-12-21T10:15:36.742] [DEBUG] cheese - null
[2020-12-21T10:22:23.453] [DEBUG] cheese - null
[2020-12-21T10:22:26.283] [DEBUG] cheese - null
[2020-12-21T10:22:28.071] [DEBUG] cheese - null
[2020-12-21T10:22:29.317] [DEBUG] cheese - null
[2020-12-21T10:22:30.266] [DEBUG] cheese - null
[2020-12-21T10:23:03.467] [DEBUG] cheese - null
[2020-12-21T11:09:22.782] [DEBUG] cheese - login => username:admin,password:123456
[2020-12-21T11:09:22.783] [DEBUG] cheese - admin
[2020-12-21T11:09:22.790] [DEBUG] cheese - null
[2020-12-21T11:09:22.790] [DEBUG] cheese - null
[2020-12-21T13:53:03.496] [DEBUG] cheese - login => username:admin,password:123456
[2020-12-21T13:53:03.498] [DEBUG] cheese - admin
[2020-12-21T13:53:03.520] [DEBUG] cheese - null
[2020-12-21T13:53:03.520] [DEBUG] cheese - null
[2020-12-21T14:26:07.978] [DEBUG] cheese - login => username:admin,password:123456
[2020-12-21T14:26:07.983] [DEBUG] cheese - admin
[2020-12-21T14:26:08.016] [DEBUG] cheese - null
[2020-12-21T14:26:08.016] [DEBUG] cheese - null
[2020-12-21T14:53:56.280] [DEBUG] cheese - login => username:admin,password:123456
[2020-12-21T14:53:56.282] [DEBUG] cheese - admin
[2020-12-21T14:53:56.318] [DEBUG] cheese - null
[2020-12-21T14:53:56.318] [DEBUG] cheese - null
[2020-12-21T15:25:44.595] [DEBUG] cheese - login => username:admin,password:123456
[2020-12-21T15:25:44.600] [DEBUG] cheese - admin
[2020-12-21T15:25:44.715] [DEBUG] cheese - null
[2020-12-21T15:25:44.716] [DEBUG] cheese - null
[2020-12-21T15:51:29.526] [DEBUG] cheese - login => username:admin,password:123456
[2020-12-21T15:51:29.526] [DEBUG] cheese - admin
[2020-12-21T15:51:29.533] [DEBUG] cheese - null
[2020-12-21T15:51:29.534] [DEBUG] cheese - null
[2020-12-21T15:55:12.601] [DEBUG] cheese - login => username:admin,password:123456
[2020-12-21T15:55:12.601] [DEBUG] cheese - admin
[2020-12-21T15:55:12.603] [DEBUG] cheese - null
[2020-12-21T15:55:12.603] [DEBUG] cheese - null
[2020-12-21T16:11:55.523] [DEBUG] cheese - login => username:admin,password:123456
[2020-12-21T16:11:55.528] [DEBUG] cheese - admin
[2020-12-21T16:11:55.539] [DEBUG] cheese - null
[2020-12-21T16:11:55.628] [DEBUG] cheese - null
[2020-12-21T16:17:56.371] [DEBUG] cheese - login => username:admin,password:123456
[2020-12-21T16:17:56.371] [DEBUG] cheese - admin
[2020-12-21T16:17:56.373] [DEBUG] cheese - null
[2020-12-21T16:17:56.373] [DEBUG] cheese - null
[2020-12-21T20:27:16.439] [DEBUG] cheese - login => username:admin,password:123456
[2020-12-21T20:27:16.545] [DEBUG] cheese - admin
[2020-12-21T20:27:16.756] [DEBUG] cheese - null
[2020-12-21T20:27:16.756] [DEBUG] cheese - null
[2020-12-21T21:31:14.175] [DEBUG] cheese - login => username:admin,password:123456
[2020-12-21T21:31:14.181] [DEBUG] cheese - admin
[2020-12-21T21:31:14.486] [DEBUG] cheese - null
[2020-12-21T21:31:14.487] [DEBUG] cheese - null
[2020-12-22T14:53:05.970] [DEBUG] cheese - login => username:admin,password:123456
[2020-12-22T14:53:05.973] [DEBUG] cheese - admin
[2020-12-22T14:53:06.756] [DEBUG] cheese - null
[2020-12-22T14:53:06.756] [DEBUG] cheese - null
[2020-12-22T15:01:01.771] [DEBUG] cheese - login => username:admin,password:123456
[2020-12-22T15:01:01.778] [DEBUG] cheese - admin
[2020-12-22T15:01:01.782] [DEBUG] cheese - null
[2020-12-22T15:01:01.782] [DEBUG] cheese - null
[2020-12-29T12:07:05.011] [DEBUG] cheese - login => username:admin,password:123456
[2020-12-29T12:07:05.028] [DEBUG] cheese - admin
[2020-12-29T12:07:05.192] [DEBUG] cheese - null
[2020-12-29T12:07:05.192] [DEBUG] cheese - null
[2021-04-22T19:54:46.178] [DEBUG] cheese - login => username:admin,password:123456
[2021-04-22T19:54:46.180] [DEBUG] cheese - admin
[2021-04-22T19:54:46.306] [DEBUG] cheese - null
[2021-04-22T19:54:46.307] [DEBUG] cheese - null
[2021-04-28T20:01:37.243] [DEBUG] cheese - login => username:admin,password:123456
[2021-04-28T20:01:37.244] [DEBUG] cheese - admin
[2021-04-28T20:01:37.411] [DEBUG] cheese - null
[2021-04-28T20:01:37.412] [DEBUG] cheese - null
[2021-05-10T21:38:44.253] [DEBUG] cheese - login => username:admin,password:123456
[2021-05-10T21:38:44.255] [DEBUG] cheese - admin
[2021-05-10T21:38:44.412] [DEBUG] cheese - null
[2021-05-10T21:38:44.413] [DEBUG] cheese - null
[2021-07-14T22:35:54.176] [DEBUG] cheese - login => username:admin,password:123456
[2021-07-14T22:35:54.178] [DEBUG] cheese - admin
[2021-07-14T22:35:54.268] [DEBUG] cheese - null
[2021-07-14T22:35:54.268] [DEBUG] cheese - null
